<?xml version="1.0" encoding="UTF-8"?>
<!-- Generated by org.testng.reporters.JUnitReportReporter -->
<testsuite hostname="tes-PC" name="facebook.TestNGtest" tests="2" failures="0" timestamp="28 Feb 2019 01:51:17 GMT" time="23.192" errors="0">
  <testcase name="testCase2" time="6.717" classname="facebook.TestNGtest"/>
  <testcase name="testCase1" time="16.475" classname="facebook.TestNGtest"/>
</testsuite> <!-- facebook.TestNGtest -->
