<?xml version="1.0" encoding="UTF-8"?>
<!-- Generated by org.testng.reporters.JUnitReportReporter -->
<testsuite hostname="tes-PC" name="facebook.KeywordExecutor" tests="1" failures="0" timestamp="28 Feb 2019 21:58:28 GMT" time="29.880" errors="0">
  <testcase name="setup" time="29.880" classname="facebook.KeywordExecutor"/>
</testsuite> <!-- facebook.KeywordExecutor -->
