<?xml version="1.0" encoding="UTF-8"?>
<!-- Generated by org.testng.reporters.JUnitReportReporter -->
<testsuite hostname="tes-PC" name="facebook.DataDriven" tests="1" failures="0" timestamp="28 Feb 2019 05:33:31 GMT" time="24.988" errors="0">
  <testcase name="loginPageTest" time="24.988" classname="facebook.DataDriven"/>
</testsuite> <!-- facebook.DataDriven -->
